MCWY_ENTERMAP|22578|1012|1|2016-12-14 00:00:03|5460409|65|1299109
MCWY_ENTERMAP|3911|1012|1|2016-12-14 00:00:12|4004696|3884|2412267
MCWY_ENTERMAP|293|1012|203|2016-12-14 00:00:14|4051839|106|539914
MCWY_ENTERMAP|3482|1012|203|2016-12-14 00:00:19|8326240|1034|4156560
MCWY_ENTERMAP|26093|1012|1|2016-12-14 00:00:20|5083487|259|665576
MCWY_ENTERMAP|8870|1012|104|2016-12-14 00:00:23|7238994|234|528371
MCWY_ENTERMAP|26877|1012|1|2016-12-14 00:00:32|1848485|237|115384
MCWY_ENTERMAP|18558|1012|1|2016-12-14 00:00:36|2404282|960|404784
MCWY_ENTERMAP|25|1012|1|2016-12-14 00:00:39|7701398|110|653281
MCWY_ENTERMAP|20106|1012|1|2016-12-14 00:00:41|1984736|664|715588
MCWY_ENTERMAP|23850|1012|1|2016-12-14 00:00:50|6440741|39|1048517
MCWY_ENTERMAP|17489|1012|1|2016-12-14 00:00:50|4057919|107|1151770
MCWY_ENTERMAP|23227|1012|1|2016-12-14 00:00:50|4401936|1139|1038702
MCWY_ENTERMAP|9863|1012|1|2016-12-14 00:00:54|5148233|2592|1325246
MCWY_ENTERMAP|24164|1012|1|2016-12-14 00:00:56|2128642|295|923936
MCWY_ENTERMAP|209|1012|1|2016-12-14 00:01:06|7022228|443|1769431
MCWY_ENTERMAP|5481|1012|1|2016-12-14 00:01:11|6956265|142|683653
MCWY_ENTERMAP|14841|1012|1|2016-12-14 00:01:12|349144|1056|499692
MCWY_ENTERMAP|9202|1012|302|2016-12-14 00:01:18|5041880|788|701924
MCWY_ENTERMAP|20374|1012|1|2016-12-14 00:01:42|2922053|1349|678946
MCWY_ENTERMAP|9153|1012|1|2016-12-14 00:01:46|6398816|218|458348
MCWY_ENTERMAP|7338|1012|1|2016-12-14 00:01:53|1169406|782|352970
MCWY_ENTERMAP|293|1012|1|2016-12-14 00:01:57|4051869|106|541283
MCWY_ENTERMAP|19316|1012|104|2016-12-14 00:02:00|899611|980|432113
MCWY_ENTERMAP|9322|1012|1|2016-12-14 00:02:01|5373959|501|344959
MCWY_ENTERMAP|14820|1012|1|2016-12-14 00:02:02|3279784|750|868583
MCWY_ENTERMAP|6819|1012|1|2016-12-14 00:02:04|3878705|2550|631019
MCWY_ENTERMAP|3482|1012|203|2016-12-14 00:02:25|8333048|1034|4161530
MCWY_ENTERMAP|23489|1012|1|2016-12-14 00:02:29|2091283|1350|661864
MCWY_ENTERMAP|4267|1012|1|2016-12-14 00:02:32|9772385|10070|3056085
MCWY_ENTERMAP|3911|1012|1|2016-12-14 00:02:34|4005696|4184|2543375
MCWY_ENTERMAP|2703|1012|104|2016-12-14 00:02:39|7291990|192|1742880
MCWY_ENTERMAP|25072|1012|1|2016-12-14 00:02:48|1960791|109|185883
MCWY_ENTERMAP|9893|1012|1|2016-12-14 00:02:50|8153144|796|3029069
MCWY_ENTERMAP|11774|1012|104|2016-12-14 00:02:51|5032499|1765|1197011
MCWY_ENTERMAP|4267|1012|1|2016-12-14 00:02:55|9772885|10065|3244285
MCWY_ENTERMAP|16557|1012|1|2016-12-14 00:03:03|4678088|200|598495
MCWY_ENTERMAP|11896|1012|1|2016-12-14 00:03:13|5445144|1284|1401649
MCWY_ENTERMAP|9850|1012|104|2016-12-14 00:03:14|6562008|1165|289030
MCWY_ENTERMAP|6209|1012|1|2016-12-14 00:03:15|8166785|660|675340
MCWY_ENTERMAP|28581|1012|1|2016-12-14 00:03:17|382115|5|205415
MCWY_ENTERMAP|7338|1012|1|2016-12-14 00:03:24|1179073|782|303487
MCWY_ENTERMAP|25800|1012|1|2016-12-14 00:03:25|249326|1045|647721
MCWY_ENTERMAP|4267|1012|1|2016-12-14 00:03:26|9817485|10065|3395685
MCWY_ENTERMAP|19763|1012|1|2016-12-14 00:03:36|1173503|1650|1262245
MCWY_ENTERMAP|28572|1012|104|2016-12-14 00:03:36|921029|304|36218
MCWY_ENTERMAP|23227|1012|1|2016-12-14 00:03:37|4408744|1259|1046329
MCWY_ENTERMAP|20374|1012|1|2016-12-14 00:03:41|2922053|1349|775873
MCWY_ENTERMAP|4267|1012|1|2016-12-14 00:03:46|9862085|10065|3395685
MCWY_ENTERMAP|5481|1012|1|2016-12-14 00:03:48|7005865|262|712653
MCWY_ENTERMAP|24386|1012|1|2016-12-14 00:03:53|2968777|195|516319
MCWY_ENTERMAP|26877|1012|1|2016-12-14 00:04:06|1915404|337|191674
MCWY_ENTERMAP|4267|1012|1|2016-12-14 00:04:10|9906685|9615|3395685
MCWY_ENTERMAP|20264|1012|1|2016-12-14 00:04:14|4008025|952|681927
MCWY_ENTERMAP|5481|1012|1|2016-12-14 00:04:16|7050465|262|713653
MCWY_ENTERMAP|19763|1012|1|2016-12-14 00:04:17|1173503|1650|1263245
MCWY_ENTERMAP|8870|1012|104|2016-12-14 00:04:19|7245802|234|536976
MCWY_ENTERMAP|4267|1012|1|2016-12-14 00:04:29|9951285|9615|3395685
MCWY_ENTERMAP|25|1012|1|2016-12-14 00:04:30|7701398|495|689890
MCWY_ENTERMAP|16557|1012|1|2016-12-14 00:04:30|4706888|500|654018
MCWY_ENTERMAP|293|1012|1|2016-12-14 00:04:31|4052869|106|526689
MCWY_ENTERMAP|6209|1012|1|2016-12-14 00:04:31|8167785|660|676599
MCWY_ENTERMAP|9402|1012|1|2016-12-14 00:04:32|7633058|368|10455
MCWY_ENTERMAP|17066|1012|1|2016-12-14 00:04:44|6871710|427|830260
MCWY_ENTERMAP|26311|1012|1|2016-12-14 00:04:44|1725401|774|348681
MCWY_ENTERMAP|932|1012|1|2016-12-14 00:04:50|5233412|440|453207
MCWY_ENTERMAP|4267|1012|1|2016-12-14 00:04:52|9995885|9615|3395685
MCWY_ENTERMAP|9976|1012|1|2016-12-14 00:04:53|6653481|4459|936193
MCWY_ENTERMAP|16557|1012|1|2016-12-14 00:04:54|4735688|500|653518
MCWY_ENTERMAP|5481|1012|1|2016-12-14 00:04:57|7050965|257|761453
